\BOOKMARK [1][-]{section.1}{\376\377\000S\000c\000h\000w\000a\000r\000z\000s\000c\000h\000i\000l\000d\000\040\000s\000o\000l\000u\000t\000i\000o\000n}{}% 1
\BOOKMARK [2][-]{subsection.1.1}{\376\377\000T\000a\000s\000k\000\040\000l\000i\000s\000t}{section.1}% 2
\BOOKMARK [1][-]{section.2}{\376\377\000G\000o\000v\000e\000r\000n\000i\000n\000g\000\040\000e\000q\000u\000a\000t\000i\000o\000n\000s}{}% 3
\BOOKMARK [2][-]{subsection.2.1}{\376\377\000E\000i\000n\000s\000t\000e\000i\000n\000'\000s\000\040\000f\000i\000e\000l\000d\000\040\000e\000q\000u\000a\000t\000i\000o\000n\000s}{section.2}% 4
\BOOKMARK [2][-]{subsection.2.2}{\376\377\000S\000c\000h\000w\000a\000r\000z\000s\000c\000h\000i\000l\000d\000\040\000m\000e\000t\000r\000i\000c}{section.2}% 5
\BOOKMARK [2][-]{subsection.2.3}{\376\377\000K\000e\000r\000r\000\040\000m\000e\000t\000r\000i\000c}{section.2}% 6
\BOOKMARK [2][-]{subsection.2.4}{\376\377\000G\000e\000o\000d\000e\000s\000i\000c\000\040\000e\000q\000u\000a\000t\000i\000o\000n}{section.2}% 7
\BOOKMARK [2][-]{subsection.2.5}{\376\377\000E\000f\000f\000e\000c\000t\000i\000v\000e\000\040\000p\000o\000t\000e\000n\000t\000i\000a\000l}{section.2}% 8
\BOOKMARK [2][-]{subsection.2.6}{\376\377\000E\000v\000e\000n\000t\000\040\000h\000o\000r\000i\000z\000o\000n}{section.2}% 9
\BOOKMARK [2][-]{subsection.2.7}{\376\377\000C\000o\000n\000s\000t\000a\000n\000t\000s\000\040\000o\000f\000\040\000m\000o\000t\000i\000o\000n}{section.2}% 10
\BOOKMARK [2][-]{subsection.2.8}{\376\377\000P\000o\000t\000e\000n\000t\000i\000a\000l\000\040\000f\000o\000r\000\040\000m\000a\000s\000s\000i\000v\000e\000\040\000a\000n\000d\000\040\000m\000a\000s\000s\000l\000e\000s\000s\000\040\000o\000r\000b\000i\000t\000s}{section.2}% 11
\BOOKMARK [2][-]{subsection.2.9}{\376\377\000I\000S\000C\000O}{section.2}% 12
\BOOKMARK [2][-]{subsection.2.10}{\376\377\000M\000a\000s\000s\000l\000e\000s\000s\000\040\000p\000a\000r\000t\000i\000c\000l\000e}{section.2}% 13
\BOOKMARK [2][-]{subsection.2.11}{\376\377\000P\000a\000r\000t\000i\000c\000l\000e\000\040\000o\000r\000b\000i\000t\000s}{section.2}% 14
\BOOKMARK [1][-]{section.3}{\376\377\000K\000e\000r\000r\000\040\000b\000l\000a\000c\000k\000\040\000h\000o\000l\000e}{}% 15
\BOOKMARK [2][-]{subsection.3.1}{\376\377\000F\000o\000r\000m\000\040\000o\000f\000\040\000t\000h\000e\000\040\000m\000e\000t\000r\000i\000c}{section.3}% 16
\BOOKMARK [2][-]{subsection.3.2}{\376\377\000S\000y\000m\000m\000e\000t\000r\000i\000e\000s}{section.3}% 17
\BOOKMARK [1][-]{section.4}{\376\377\000P\000h\000y\000s\000i\000c\000a\000l\000\040\000r\000e\000l\000e\000v\000a\000n\000c\000e\000\040\000o\000f\000\040\000e\000q\000u\000a\000t\000i\000o\000n\000s}{}% 18
\BOOKMARK [2][-]{subsection.4.1}{\376\377\000H\000a\000r\000d\000\040\000b\000o\000u\000n\000d\000a\000r\000i\000e\000s}{section.4}% 19
\BOOKMARK [3][-]{subsubsection.4.1.1}{\376\377\000S\000c\000h\000w\000a\000r\000z\000s\000c\000h\000i\000l\000d\000\040\000b\000l\000a\000c\000k\000\040\000h\000o\000l\000e}{subsection.4.1}% 20
\BOOKMARK [3][-]{subsubsection.4.1.2}{\376\377\000K\000e\000r\000r\000\040\000b\000l\000a\000c\000k\000\040\000h\000o\000l\000e\000\040\000-\000\040\000s\000o\000f\000t\000\040\000b\000o\000u\000n\000d\000a\000r\000i\000e\000s}{subsection.4.1}% 21
\BOOKMARK [1][-]{section.5}{\376\377\000S\000o\000f\000t\000\040\000b\000o\000u\000n\000d\000a\000r\000i\000e\000s}{}% 22
\BOOKMARK [1][-]{section.6}{\376\377\000D\000o\000u\000b\000l\000e\000\040\000S\000c\000h\000w\000a\000r\000z\000s\000c\000h\000i\000l\000d}{}% 23
\BOOKMARK [1][-]{section.7}{\376\377\000A\000s\000t\000r\000o\000p\000h\000y\000s\000i\000c\000a\000l\000\040\000s\000i\000g\000n\000i\000f\000i\000c\000a\000n\000c\000e}{}% 24
\BOOKMARK [1][-]{section.8}{\376\377\000G\000R\000\040\000a\000n\000d\000\040\000E\000M\000\040\000a\000n\000a\000l\000o\000g\000y}{}% 25
\BOOKMARK [2][-]{subsection.8.1}{\376\377\000M\000a\000g\000n\000e\000t\000i\000c\000\040\000r\000e\000c\000o\000n\000n\000e\000c\000t\000i\000o\000n}{section.8}% 26
\BOOKMARK [1][-]{section.9}{\376\377\000A\000p\000p\000e\000n\000d\000i\000x}{}% 27
\BOOKMARK [2][-]{subsection.9.1}{\376\377\000G\000e\000o\000m\000e\000t\000r\000i\000c\000\040\000u\000n\000i\000t\000s}{section.9}% 28
