\BOOKMARK [1][-]{section.1}{\376\377\000B\000a\000s\000i\000c\000\040\000m\000o\000d\000e\000l}{}% 1
\BOOKMARK [2][-]{subsection.1.1}{\376\377\000E\000s\000s\000e\000n\000t\000i\000a\000l\000\040\000i\000n\000g\000r\000e\000d\000i\000e\000n\000t\000s}{section.1}% 2
\BOOKMARK [2][-]{subsection.1.2}{\376\377\000T\000h\000e\000\040\000m\000o\000d\000e\000l}{section.1}% 3
\BOOKMARK [1][-]{section.2}{\376\377\000N\000u\000m\000e\000r\000i\000c\000a\000l\000\040\000s\000i\000m\000u\000l\000a\000t\000i\000o\000n\000\040\000o\000f\000\040\000m\000o\000d\000e\000l}{}% 4
\BOOKMARK [2][-]{subsection.2.1}{\376\377\000L\000a\000g\000r\000a\000n\000g\000e\000\040\000p\000o\000i\000n\000t\000s}{section.2}% 5
\BOOKMARK [3][-]{subsubsection.2.1.1}{\376\377\000L\000a\000g\000r\000a\000n\000g\000e\000\040\000p\000o\000i\000n\000t\000\040\000s\000t\000a\000b\000i\000l\000i\000t\000y}{subsection.2.1}% 6
\BOOKMARK [3][-]{subsubsection.2.1.2}{\376\377\000A\000s\000t\000r\000o\000p\000h\000y\000s\000i\000c\000a\000l\000\040\000c\000o\000n\000s\000e\000q\000u\000e\000n\000c\000e\000s}{subsection.2.1}% 7
\BOOKMARK [3][-]{subsubsection.2.1.3}{\376\377\000A\000p\000p\000l\000i\000c\000a\000t\000i\000o\000n\000\040\000i\000n\000\040\000b\000a\000c\000k\000\040\000h\000o\000l\000e\000s}{subsection.2.1}% 8
\BOOKMARK [3][-]{subsubsection.2.1.4}{\376\377\000S\000h\000o\000w\000i\000n\000g\000\040\000t\000h\000e\000\040\000L\000a\000g\000r\000a\000n\000g\000e\000\040\000p\000o\000i\000n\000t\000s\000\040\000i\000n\000\040\000P\000y\000t\000h\000o\000n}{subsection.2.1}% 9
\BOOKMARK [2][-]{subsection.2.2}{\376\377\000A\000d\000d\000\040\000l\000o\000s\000s\000e\000s\000\040\000f\000r\000o\000m\000\040\000g\000r\000a\000v\000i\000t\000a\000t\000i\000o\000n\000a\000l\000\040\000w\000a\000v\000e\000s}{section.2}% 10
\BOOKMARK [2][-]{subsection.2.3}{\376\377\000A\000d\000d\000i\000n\000g\000\040\000f\000r\000a\000m\000e\000\040\000d\000r\000a\000g\000g\000i\000n\000g}{section.2}% 11
\BOOKMARK [1][-]{section.3}{\376\377\000H\000i\000g\000h\000e\000r\000\040\000o\000r\000d\000e\000r\000\040\000a\000p\000p\000r\000o\000x\000i\000m\000a\000t\000i\000o\000n\000s}{}% 12
\BOOKMARK [1][-]{section.4}{\376\377\000A\000n\000a\000l\000y\000t\000i\000c\000a\000l\000\040\000m\000o\000d\000e\000l\000l\000i\000n\000g}{}% 13
\BOOKMARK [2][-]{subsection.4.1}{\376\377\000N\000e\000a\000r\000\040\000f\000i\000x\000e\000d\000\040\000p\000o\000i\000n\000t}{section.4}% 14
\BOOKMARK [2][-]{subsection.4.2}{\376\377\000N\000e\000a\000r\000\040\000p\000r\000i\000m\000a\000r\000y\000\040\000m\000a\000s\000s}{section.4}% 15
\BOOKMARK [2][-]{subsection.4.3}{\376\377\000F\000a\000r\000\040\000f\000r\000o\000m\000\040\000m\000a\000s\000s\000e\000s}{section.4}% 16
\BOOKMARK [1][-]{section.5}{\376\377\000L\000i\000m\000i\000t\000a\000t\000i\000o\000n\000s\000\040\000a\000n\000d\000\040\000n\000e\000x\000t\000\040\000s\000t\000e\000p\000s}{}% 17
\BOOKMARK [1][-]{section.6}{\376\377\000A\000p\000p\000e\000n\000d\000i\000x}{}% 18
\BOOKMARK [2][-]{subsection.6.1}{\376\377\000P\000y\000t\000h\000o\000n\000\040\000c\000o\000d\000e\000\040\000f\000o\000r\000\040\000b\000a\000s\000i\000c\000\040\000m\000o\000d\000e\000l}{section.6}% 19
\BOOKMARK [2][-]{subsection.6.2}{\376\377\000E\000R\000\040\000=\000\040\000E\000P\000R}{section.6}% 20
\BOOKMARK [3][-]{subsubsection.6.2.1}{\376\377\000T\000h\000e\000\040\000p\000a\000r\000a\000d\000o\000x}{subsection.6.2}% 21
\BOOKMARK [3][-]{subsubsection.6.2.2}{\376\377\000A\000M\000P\000S\000\040\000a\000n\000d\000\040\000f\000i\000r\000e\000w\000a\000l\000l\000s}{subsection.6.2}% 22
\BOOKMARK [3][-]{subsubsection.6.2.3}{\376\377\000E\000R\000=\000E\000P\000R\000\040\000r\000e\000s\000o\000l\000u\000t\000i\000o\000n}{subsection.6.2}% 23
\BOOKMARK [2][-]{subsection.6.3}{\376\377\000B\000i\000n\000a\000r\000y\000\040\000b\000l\000a\000c\000k\000\040\000h\000o\000l\000e\000\040\000e\000x\000p\000l\000o\000r\000a\000t\000i\000o\000n\000\040\000a\000n\000d\000\040\000s\000i\000l\000l\000y\000\040\000i\000d\000e\000a\000s\000/\000q\000u\000e\000s\000t\000i\000o\000n\000s}{section.6}% 24
